#
# There is insufficient memory for the Java Runtime Environment to continue.
# Native memory allocation (mmap) failed to map 134217728 bytes for Failed to commit area from 0x0000000080c00000 to 0x0000000088c00000 of length 134217728.
# Possible reasons:
#   The system is out of physical RAM or swap space
#   The process is running with CompressedOops enabled, and the Java Heap may be blocking the growth of the native heap
# Possible solutions:
#   Reduce memory load on the system
#   Increase physical memory or swap space
#   Check if swap backing store is full
#   Decrease Java heap size (-Xmx/-Xms)
#   Decrease number of Java threads
#   Decrease Java thread stack sizes (-Xss)
#   Set larger code cache with -XX:ReservedCodeCacheSize=
# This output file may be truncated or incomplete.
#
#  Out of Memory Error (c:/cygwin64/tmp/openjdk-jdk11u-windows-x64-hotspot/workspace/build/src/src/hotspot/os/windows/os_windows.cpp:3269), pid=18152, tid=2268
#
# JRE version:  (11.0.2+9) (build )
# Java VM: OpenJDK 64-Bit Server VM (11.0.2+9, mixed mode, aot, sharing, tiered, compressed oops, g1 gc, windows-amd64)
# No core dump will be written. Minidumps are not enabled by default on client versions of Windows
#

---------------  S U M M A R Y ------------

Command Line: -Dfile.encoding=Cp1252 D

Host: Intel(R) Core(TM) i7-3770 CPU @ 3.40GHz, 8 cores, 7G,  Windows 10 , 64 bit Build 17134 (10.0.17134.753)
Time: Sat Oct 12 22:52:26 2019 Hora oficial do Brasil elapsed time: 0 seconds (0d 0h 0m 0s)

---------------  T H R E A D  ---------------

Current thread (0x000001a9513d7800):  JavaThread "Unknown thread" [_thread_in_vm, id=2268, stack(0x0000008dbc300000,0x0000008dbc400000)]

Stack: [0x0000008dbc300000,0x0000008dbc400000]
Native frames: (J=compiled Java code, j=interpreted, Vv=VM code, C=native code)
V  [jvm.dll+0x5ded19]
V  [jvm.dll+0x710749]
V  [jvm.dll+0x711d68]
V  [jvm.dll+0x712403]
V  [jvm.dll+0x246098]
V  [jvm.dll+0x5dc544]
V  [jvm.dll+0x5d16d5]
V  [jvm.dll+0x2fedeb]
V  [jvm.dll+0x2fed55]
V  [jvm.dll+0x2fec32]
V  [jvm.dll+0x3038c6]
V  [jvm.dll+0x34ba83]
V  [jvm.dll+0x34c196]
V  [jvm.dll+0x34bb83]
V  [jvm.dll+0x2da018]
V  [jvm.dll+0x2db188]
V  [jvm.dll+0x6ef057]
V  [jvm.dll+0x6f07bc]
V  [jvm.dll+0x359189]
V  [jvm.dll+0x6d6ab8]
V  [jvm.dll+0x3c267c]
V  [jvm.dll+0x3c48d1]
C  [javaw.exe+0x36b9]
C  [javaw.exe+0xe2b7]
C  [javaw.exe+0xe45e]
C  [KERNEL32.DLL+0x14034]
C  [ntdll.dll+0x73691]


---------------  P R O C E S S  ---------------

Threads class SMR info:
_java_thread_list=0x000001a94f230550, length=0, elements={
}

Java Threads: ( => current thread )

Other Threads:
  0x000001a9513e6800 GCTaskThread "GC Thread#0" [stack: 0x0000008dbc400000,0x0000008dbc500000] [id=17252]
  0x000001a95141a000 ConcurrentGCThread "G1 Main Marker" [stack: 0x0000008dbc500000,0x0000008dbc600000] [id=16268]
  0x000001a95141f800 ConcurrentGCThread "G1 Conc#0" [stack: 0x0000008dbc600000,0x0000008dbc700000] [id=10948]

[error occurred during error reporting (printing all threads), id 0xc0000005, EXCEPTION_ACCESS_VIOLATION (0xc0000005) at pc=0x00007ffc4148a347]

VM state:not at safepoint (not fully initialized)

VM Mutex/Monitor currently owned by a thread:  ([mutex/lock_event])
[0x000001a9513d3600] Heap_lock - owner thread: 0x000001a9513d7800

Heap address: 0x0000000080c00000, size: 2036 MB, Compressed Oops mode: Non-zero based: 0x0000000080c00000
Narrow klass base: 0x0000000000000000, Narrow klass shift: 0

GC Heap History (0 events):
No events

Deoptimization events (0 events):
No events

Classes redefined (0 events):
No events

Internal exceptions (0 events):
No events

Events (0 events):
No events


Dynamic libraries:
0x00007ff6c1360000 - 0x00007ff6c139c000 	C:\Program Files\AdoptOpenJDK\jdk-11.0.2+9-jre\bin\javaw.exe
0x00007ffcafb80000 - 0x00007ffcafd61000 	C:\WINDOWS\SYSTEM32\ntdll.dll
0x00007ffc99680000 - 0x00007ffc99694000 	C:\Program Files\AVAST Software\Avast\aswhook.dll
0x00007ffcaf150000 - 0x00007ffcaf201000 	C:\WINDOWS\System32\KERNEL32.DLL
0x00007ffcac1a0000 - 0x00007ffcac413000 	C:\WINDOWS\System32\KERNELBASE.dll
0x00007ffcaf9a0000 - 0x00007ffcafb30000 	C:\WINDOWS\System32\USER32.dll
0x00007ffcabf40000 - 0x00007ffcabf60000 	C:\WINDOWS\System32\win32u.dll
0x00007ffcaf0f0000 - 0x00007ffcaf118000 	C:\WINDOWS\System32\GDI32.dll
0x00007ffcac670000 - 0x00007ffcac801000 	C:\WINDOWS\System32\gdi32full.dll
0x00007ffcac420000 - 0x00007ffcac4bf000 	C:\WINDOWS\System32\msvcp_win.dll
0x00007ffcac4c0000 - 0x00007ffcac5b8000 	C:\WINDOWS\System32\ucrtbase.dll
0x00007ffc96f90000 - 0x00007ffc971f9000 	C:\WINDOWS\WinSxS\amd64_microsoft.windows.common-controls_6595b64144ccf1df_6.0.17134.1067_none_d401a3eb7c8ebdea\COMCTL32.dll
0x00007ffcaed50000 - 0x00007ffcaedee000 	C:\WINDOWS\System32\msvcrt.dll
0x00007ffcaf470000 - 0x00007ffcaf791000 	C:\WINDOWS\System32\combase.dll
0x00007ffcaf290000 - 0x00007ffcaf3b4000 	C:\WINDOWS\System32\RPCRT4.dll
0x00007ffcacf80000 - 0x00007ffcacff9000 	C:\WINDOWS\System32\bcryptPrimitives.dll
0x00007ffcaf120000 - 0x00007ffcaf14d000 	C:\WINDOWS\System32\IMM32.DLL
0x00007ffc753b0000 - 0x00007ffc7549f000 	C:\Program Files\AdoptOpenJDK\jdk-11.0.2+9-jre\bin\msvcr120.dll
0x00007ffc9b6c0000 - 0x00007ffc9b766000 	C:\Program Files\AdoptOpenJDK\jdk-11.0.2+9-jre\bin\msvcp120.dll
0x00007ffc411a0000 - 0x00007ffc41c5d000 	C:\Program Files\AdoptOpenJDK\jdk-11.0.2+9-jre\bin\server\jvm.dll
0x00007ffcaf3c0000 - 0x00007ffcaf461000 	C:\WINDOWS\System32\ADVAPI32.dll
0x00007ffcad7a0000 - 0x00007ffcad7fb000 	C:\WINDOWS\System32\sechost.dll
0x00007ffcad000000 - 0x00007ffcad008000 	C:\WINDOWS\System32\PSAPI.DLL
0x00007ffca33d0000 - 0x00007ffca33d9000 	C:\WINDOWS\SYSTEM32\WSOCK32.dll
0x00007ffcaf080000 - 0x00007ffcaf0ec000 	C:\WINDOWS\System32\WS2_32.dll
0x00007ffca8dc0000 - 0x00007ffca8de3000 	C:\WINDOWS\SYSTEM32\WINMM.dll
0x00007ffca83f0000 - 0x00007ffca83fa000 	C:\WINDOWS\SYSTEM32\VERSION.dll
0x00007ffca8d90000 - 0x00007ffca8dba000 	C:\WINDOWS\SYSTEM32\WINMMBASE.dll
0x00007ffcac150000 - 0x00007ffcac199000 	C:\WINDOWS\System32\cfgmgr32.dll
0x00007ffc97e10000 - 0x00007ffc97e1f000 	C:\Program Files\AdoptOpenJDK\jdk-11.0.2+9-jre\bin\verify.dll
0x00007ffca6ec0000 - 0x00007ffca7089000 	C:\WINDOWS\SYSTEM32\DBGHELP.DLL
0x00007ffca6de0000 - 0x00007ffca6e09000 	C:\WINDOWS\SYSTEM32\dbgcore.DLL
0x00007ffc851a0000 - 0x00007ffc851c6000 	C:\Program Files\AdoptOpenJDK\jdk-11.0.2+9-jre\bin\java.dll
0x00007ffc8c560000 - 0x00007ffc8c576000 	C:\Program Files\AdoptOpenJDK\jdk-11.0.2+9-jre\bin\zip.dll
0x00007ffc8fd80000 - 0x00007ffc8fd8a000 	C:\Program Files\AdoptOpenJDK\jdk-11.0.2+9-jre\bin\jimage.dll

dbghelp: loaded successfully - version: 4.0.5 - missing functions: none
symbol engine: initialized successfully - sym options: 0x614 - pdb path: .;C:\Program Files\AdoptOpenJDK\jdk-11.0.2+9-jre\bin;C:\WINDOWS\SYSTEM32;C:\Program Files\AVAST Software\Avast;C:\WINDOWS\WinSxS\amd64_microsoft.windows.common-controls_6595b64144ccf1df_6.0.17134.1067_none_d401a3eb7c8ebdea;C:\Program Files\AdoptOpenJDK\jdk-11.0.2+9-jre\bin\server

VM Arguments:
jvm_args: -Dfile.encoding=Cp1252 
java_command: D
java_class_path (initial): F:\1° A\4° Bimestre\Técnicas de Programção e Algoritmos (TPA)\Exercícios (Matriz)\Exercícios (Matriz)\bin
Launcher Type: SUN_STANDARD

[Global flags]
     intx CICompilerCount                          = 4                                         {product} {ergonomic}
     uint ConcGCThreads                            = 2                                         {product} {ergonomic}
     uint G1ConcRefinementThreads                  = 8                                         {product} {ergonomic}
   size_t G1HeapRegionSize                         = 1048576                                   {product} {ergonomic}
    uintx GCDrainStackTargetSize                   = 64                                        {product} {ergonomic}
   size_t InitialHeapSize                          = 134217728                                 {product} {ergonomic}
   size_t MarkStackSize                            = 4194304                                   {product} {ergonomic}
   size_t MaxHeapSize                              = 2134900736                                {product} {ergonomic}
   size_t MinHeapDeltaBytes                        = 1048576                                   {product} {ergonomic}
    uintx NonNMethodCodeHeapSize                   = 5835340                                {pd product} {ergonomic}
    uintx NonProfiledCodeHeapSize                  = 122911450                              {pd product} {ergonomic}
    uintx ProfiledCodeHeapSize                     = 122911450                              {pd product} {ergonomic}
    uintx ReservedCodeCacheSize                    = 251658240                              {pd product} {ergonomic}
     bool SegmentedCodeCache                       = true                                      {product} {ergonomic}
     bool UseCompressedClassPointers               = true                                 {lp64_product} {ergonomic}
     bool UseCompressedOops                        = true                                 {lp64_product} {ergonomic}
     bool UseG1GC                                  = true                                      {product} {ergonomic}
     bool UseLargePagesIndividualAllocation        = false                                  {pd product} {ergonomic}

Logging:
Log output configuration:
 #0: stdout all=warning uptime,level,tags
 #1: stderr all=off uptime,level,tags

Environment Variables:
PATH=C:/Program Files/AdoptOpenJDK/jdk-11.0.2+9-jre/bin/server;C:/Program Files/AdoptOpenJDK/jdk-11.0.2+9-jre/bin;C:\Program Files\AdoptOpenJDK\jdk-11.0.2+9-jre\bin;C:\Program Files (x86)\Common Files\Oracle\Java\javapath;C:\ProgramData\Oracle\Java\javapath;C:\WINDOWS\system32;C:\WINDOWS;C:\WINDOWS\System32\Wbem;C:\WINDOWS\System32\WindowsPowerShell\v1.0\;C:\WINDOWS\System32\OpenSSH\;C:\Program Files (x86)\NVIDIA Corporation\PhysX\Common;C:\Program Files\NVIDIA Corporation\NVIDIA NvDLISR;C:\Program Files (x86)\Brackets\command;C:\Program Files\dotnet\;C:\Program Files\Microsoft SQL Server\130\Tools\Binn\;C:\Program Files\Microsoft SQL Server\Client SDK\ODBC\130\Tools\Binn\;C:\Program Files (x86)\Microsoft SQL Server\140\Tools\Binn\;C:\Program Files\Microsoft SQL Server\140\Tools\Binn\;C:\Program Files\Microsoft SQL Server\140\DTS\Binn\;C:\Program Files (x86)\Microsoft SQL Server\150\DTS\Binn\;C:\Users\cliente\AppData\Local\Microsoft\WindowsApps;C:\Users\cliente\AppData\Local\GitHubDesktop\bin;E:\Programas Pesados\eclipse;
USERNAME=cliente
OS=Windows_NT
PROCESSOR_IDENTIFIER=Intel64 Family 6 Model 58 Stepping 9, GenuineIntel



---------------  S Y S T E M  ---------------

OS: Windows 10 , 64 bit Build 17134 (10.0.17134.753)

CPU:total 8 (initial active 8) (4 cores per cpu, 2 threads per core) family 6 model 58 stepping 9, cmov, cx8, fxsr, mmx, sse, sse2, sse3, ssse3, sse4.1, sse4.2, popcnt, avx, aes, clmul, erms, ht, tsc, tscinvbit, tscinv

Memory: 4k page, system-wide physical 8138M (2878M free)
TotalPageFile size 26776M (AvailPageFile size 58M)
current process WorkingSet (physical memory assigned to process): 10M, peak: 10M
current process commit charge ("private bytes"): 60M, peak: 188M

vm_info: OpenJDK 64-Bit Server VM (11.0.2+9) for windows-amd64 JRE (11.0.2+9), built on Jan 28 2019 10:43:15 by "" with MS VC++ 12.0 (VS2013)

END.
